{
  "stats": {
    "suites": 5,
    "tests": 10,
    "passes": 6,
    "pending": 0,
    "failures": 4,
    "start": "2021-11-26T16:29:30.677Z",
    "end": "2021-11-26T16:32:13.105Z",
    "duration": 131146,
    "testsRegistered": 10,
    "passPercent": 60,
    "pendingPercent": 0,
    "other": 0,
    "hasOther": false,
    "skipped": 0,
    "hasSkipped": false
  },
  "results": [
    {
      "uuid": "eb439be9-eaf2-4522-b886-c3197d94d2c2",
      "title": "",
      "fullFile": "cypress/integration/cadastro.spec.js",
      "file": "cypress/integration/cadastro.spec.js",
      "beforeHooks": [],
      "afterHooks": [],
      "tests": [],
      "suites": [
        {
          "uuid": "3f5a61c3-aaa2-4883-8d1e-50b509f17c37",
          "title": "Testes positivos de cadastro de usuário",
          "fullFile": "",
          "file": "",
          "beforeHooks": [],
          "afterHooks": [],
          "tests": [
            {
              "title": "Cadastro válido de usuário com CPF",
              "fullTitle": "Testes positivos de cadastro de usuário Cadastro válido de usuário com CPF",
              "timedOut": null,
              "duration": 18661,
              "state": "passed",
              "speed": "slow",
              "pass": true,
              "fail": false,
              "pending": false,
              "context": null,
              "code": "_cadastro.default.realizarCadastroCorretoCPF();\n_cadastro.default.verificarUrl();",
              "err": {},
              "uuid": "94778a59-e656-4ce0-b174-6ba625bb3045",
              "parentUUID": "3f5a61c3-aaa2-4883-8d1e-50b509f17c37",
              "isHook": false,
              "skipped": false
            }
          ],
          "suites": [],
          "passes": [
            "94778a59-e656-4ce0-b174-6ba625bb3045"
          ],
          "failures": [],
          "pending": [],
          "skipped": [],
          "duration": 18661,
          "root": false,
          "rootEmpty": false,
          "_timeout": 2000
        },
        {
          "uuid": "60f68409-1b31-4000-9415-f7410728e077",
          "title": "Testes negativos de cadastro de usuário",
          "fullFile": "",
          "file": "",
          "beforeHooks": [],
          "afterHooks": [],
          "tests": [
            {
              "title": "Cadastro inválido de usuário com CPF",
              "fullTitle": "Testes negativos de cadastro de usuário Cadastro inválido de usuário com CPF",
              "timedOut": null,
              "duration": 9038,
              "state": "passed",
              "speed": "medium",
              "pass": true,
              "fail": false,
              "pending": false,
              "context": null,
              "code": "_cadastro.default.realizarCadastroInvalidoCPF();",
              "err": {},
              "uuid": "feab6973-d752-442e-8b6d-e55e619bcab2",
              "parentUUID": "60f68409-1b31-4000-9415-f7410728e077",
              "isHook": false,
              "skipped": false
            }
          ],
          "suites": [],
          "passes": [
            "feab6973-d752-442e-8b6d-e55e619bcab2"
          ],
          "failures": [],
          "pending": [],
          "skipped": [],
          "duration": 9038,
          "root": false,
          "rootEmpty": false,
          "_timeout": 2000
        }
      ],
      "passes": [],
      "failures": [],
      "pending": [],
      "skipped": [],
      "duration": 0,
      "root": true,
      "rootEmpty": true,
      "_timeout": 2000
    },
    {
      "uuid": "4e9729a5-aa8e-4648-8662-87bc672d7ab3",
      "title": "",
      "fullFile": "cypress/integration/checkout.spec.js",
      "file": "cypress/integration/checkout.spec.js",
      "beforeHooks": [],
      "afterHooks": [],
      "tests": [],
      "suites": [
        {
          "uuid": "97f3415b-cbc0-483c-9d2c-d7e3f96c7782",
          "title": "Testes de checkout da compra",
          "fullFile": "",
          "file": "",
          "beforeHooks": [],
          "afterHooks": [],
          "tests": [
            {
              "title": "O checkout da compra deve ser realizado corretamente",
              "fullTitle": "Testes de checkout da compra O checkout da compra deve ser realizado corretamente",
              "timedOut": null,
              "duration": 14047,
              "state": "failed",
              "speed": null,
              "pass": false,
              "fail": true,
              "pending": false,
              "context": null,
              "code": "_login.default.acessarSite();\n_login.default.loginCorreto();\n_mercadoria.default.acessarSite();\n_mercadoria.default.conferirProdutoNoCarrinho();\n_mercadoria.default.compraFinalizada();\n_checkout.default.realizarCheckoutCorreto();",
              "err": {
                "message": "CypressError: Timed out retrying after 4050ms: `cy.click()` failed because this element is detached from the DOM.\n\n`<a href=\"/loja/carrinho.php\" class=\"btn-load-more\">Finaliz...</a>`\n\nCypress requires elements be attached in the DOM to interact with them.\n\nThe previous command that ran was:\n\n  > `cy.get()`\n\nThis DOM element likely became detached somewhere between the previous and current command.\n\nCommon situations why this happens:\n  - Your JS framework re-rendered asynchronously\n  - Your app code reacted to an event firing and removed the element\n\nYou typically need to re-query for the element or add 'guards' which delay Cypress from running new commands.\n\nhttps://on.cypress.io/element-has-detached-from-dom",
                "estack": "CypressError: Timed out retrying after 4050ms: `cy.click()` failed because this element is detached from the DOM.\n\n`<a href=\"/loja/carrinho.php\" class=\"btn-load-more\">Finaliz...</a>`\n\nCypress requires elements be attached in the DOM to interact with them.\n\nThe previous command that ran was:\n\n  > `cy.get()`\n\nThis DOM element likely became detached somewhere between the previous and current command.\n\nCommon situations why this happens:\n  - Your JS framework re-rendered asynchronously\n  - Your app code reacted to an event firing and removed the element\n\nYou typically need to re-query for the element or add 'guards' which delay Cypress from running new commands.\n\nhttps://on.cypress.io/element-has-detached-from-dom\n    at $Cy.ensureAttached (https://701523.commercesuite.com.br/__cypress/runner/cypress_runner.js:162699:85)\n    at runAllChecks (https://701523.commercesuite.com.br/__cypress/runner/cypress_runner.js:149880:12)\n    at retryActionability (https://701523.commercesuite.com.br/__cypress/runner/cypress_runner.js:149960:16)\n    at tryCatcher (https://701523.commercesuite.com.br/__cypress/runner/cypress_runner.js:13212:23)\n    at Function.Promise.attempt.Promise.try (https://701523.commercesuite.com.br/__cypress/runner/cypress_runner.js:10486:29)\n    at tryFn (https://701523.commercesuite.com.br/__cypress/runner/cypress_runner.js:167495:61)\n    at whenStable (https://701523.commercesuite.com.br/__cypress/runner/cypress_runner.js:167534:14)\n    at https://701523.commercesuite.com.br/__cypress/runner/cypress_runner.js:167021:18\n    at tryCatcher (https://701523.commercesuite.com.br/__cypress/runner/cypress_runner.js:13212:23)\n    at Promise._settlePromiseFromHandler (https://701523.commercesuite.com.br/__cypress/runner/cypress_runner.js:11147:31)\n    at Promise._settlePromise (https://701523.commercesuite.com.br/__cypress/runner/cypress_runner.js:11204:18)\n    at Promise._settlePromise0 (https://701523.commercesuite.com.br/__cypress/runner/cypress_runner.js:11249:10)\n    at Promise._settlePromises (https://701523.commercesuite.com.br/__cypress/runner/cypress_runner.js:11329:18)\n    at Promise._fulfill (https://701523.commercesuite.com.br/__cypress/runner/cypress_runner.js:11273:18)\n    at https://701523.commercesuite.com.br/__cypress/runner/cypress_runner.js:12887:46\nFrom Your Spec Code:\n    at Function.clickOnElement (https://701523.commercesuite.com.br/__cypress/tests?p=cypress\\integration\\checkout.spec.js:257:46)\n    at Function.conferirProdutoNoCarrinho (https://701523.commercesuite.com.br/__cypress/tests?p=cypress\\integration\\checkout.spec.js:536:11)\n    at Context.eval (https://701523.commercesuite.com.br/__cypress/tests?p=cypress\\integration\\checkout.spec.js:134:25)",
                "diff": null
              },
              "uuid": "a44a21d5-a160-47c5-a6b1-b2e30a46440c",
              "parentUUID": "97f3415b-cbc0-483c-9d2c-d7e3f96c7782",
              "isHook": false,
              "skipped": false
            },
            {
              "title": "O checkout da compra não deve ser realizado",
              "fullTitle": "Testes de checkout da compra O checkout da compra não deve ser realizado",
              "timedOut": null,
              "duration": 14727,
              "state": "failed",
              "speed": null,
              "pass": false,
              "fail": true,
              "pending": false,
              "context": null,
              "code": "_login.default.acessarSite();\n_login.default.loginCorreto();\n_mercadoria.default.acessarSite();\n_mercadoria.default.conferirProdutoNoCarrinho();\n_mercadoria.default.compraFinalizada();\n_checkout.default.checkoutInvalido();",
              "err": {
                "message": "CypressError: Timed out retrying after 4050ms: `cy.click()` failed because this element is detached from the DOM.\n\n`<a href=\"/loja/carrinho.php\" class=\"btn-load-more\">Finaliz...</a>`\n\nCypress requires elements be attached in the DOM to interact with them.\n\nThe previous command that ran was:\n\n  > `cy.get()`\n\nThis DOM element likely became detached somewhere between the previous and current command.\n\nCommon situations why this happens:\n  - Your JS framework re-rendered asynchronously\n  - Your app code reacted to an event firing and removed the element\n\nYou typically need to re-query for the element or add 'guards' which delay Cypress from running new commands.\n\nhttps://on.cypress.io/element-has-detached-from-dom",
                "estack": "CypressError: Timed out retrying after 4050ms: `cy.click()` failed because this element is detached from the DOM.\n\n`<a href=\"/loja/carrinho.php\" class=\"btn-load-more\">Finaliz...</a>`\n\nCypress requires elements be attached in the DOM to interact with them.\n\nThe previous command that ran was:\n\n  > `cy.get()`\n\nThis DOM element likely became detached somewhere between the previous and current command.\n\nCommon situations why this happens:\n  - Your JS framework re-rendered asynchronously\n  - Your app code reacted to an event firing and removed the element\n\nYou typically need to re-query for the element or add 'guards' which delay Cypress from running new commands.\n\nhttps://on.cypress.io/element-has-detached-from-dom\n    at $Cy.ensureAttached (https://701523.commercesuite.com.br/__cypress/runner/cypress_runner.js:162699:85)\n    at runAllChecks (https://701523.commercesuite.com.br/__cypress/runner/cypress_runner.js:149880:12)\n    at retryActionability (https://701523.commercesuite.com.br/__cypress/runner/cypress_runner.js:149960:16)\n    at tryCatcher (https://701523.commercesuite.com.br/__cypress/runner/cypress_runner.js:13212:23)\n    at Function.Promise.attempt.Promise.try (https://701523.commercesuite.com.br/__cypress/runner/cypress_runner.js:10486:29)\n    at tryFn (https://701523.commercesuite.com.br/__cypress/runner/cypress_runner.js:167495:61)\n    at whenStable (https://701523.commercesuite.com.br/__cypress/runner/cypress_runner.js:167534:14)\n    at https://701523.commercesuite.com.br/__cypress/runner/cypress_runner.js:167021:18\n    at tryCatcher (https://701523.commercesuite.com.br/__cypress/runner/cypress_runner.js:13212:23)\n    at Promise._settlePromiseFromHandler (https://701523.commercesuite.com.br/__cypress/runner/cypress_runner.js:11147:31)\n    at Promise._settlePromise (https://701523.commercesuite.com.br/__cypress/runner/cypress_runner.js:11204:18)\n    at Promise._settlePromise0 (https://701523.commercesuite.com.br/__cypress/runner/cypress_runner.js:11249:10)\n    at Promise._settlePromises (https://701523.commercesuite.com.br/__cypress/runner/cypress_runner.js:11329:18)\n    at Promise._fulfill (https://701523.commercesuite.com.br/__cypress/runner/cypress_runner.js:11273:18)\n    at https://701523.commercesuite.com.br/__cypress/runner/cypress_runner.js:12887:46\nFrom Your Spec Code:\n    at Function.clickOnElement (https://701523.commercesuite.com.br/__cypress/tests?p=cypress\\integration\\checkout.spec.js:257:46)\n    at Function.conferirProdutoNoCarrinho (https://701523.commercesuite.com.br/__cypress/tests?p=cypress\\integration\\checkout.spec.js:536:11)\n    at Context.eval (https://701523.commercesuite.com.br/__cypress/tests?p=cypress\\integration\\checkout.spec.js:147:25)",
                "diff": null
              },
              "uuid": "5848c804-dffc-420b-abb5-27cff346a03f",
              "parentUUID": "97f3415b-cbc0-483c-9d2c-d7e3f96c7782",
              "isHook": false,
              "skipped": false
            }
          ],
          "suites": [],
          "passes": [],
          "failures": [
            "a44a21d5-a160-47c5-a6b1-b2e30a46440c",
            "5848c804-dffc-420b-abb5-27cff346a03f"
          ],
          "pending": [],
          "skipped": [],
          "duration": 28774,
          "root": false,
          "rootEmpty": false,
          "_timeout": 2000
        }
      ],
      "passes": [],
      "failures": [],
      "pending": [],
      "skipped": [],
      "duration": 0,
      "root": true,
      "rootEmpty": true,
      "_timeout": 2000
    },
    {
      "uuid": "c2f76f08-ff47-4952-8951-02d0b217dad0",
      "title": "",
      "fullFile": "cypress/integration/endereco.spec.js",
      "file": "cypress/integration/endereco.spec.js",
      "beforeHooks": [],
      "afterHooks": [],
      "tests": [],
      "suites": [
        {
          "uuid": "5fda5ee4-3076-402a-9dee-fb4762279e70",
          "title": "Testes com cadastro de endereço",
          "fullFile": "",
          "file": "",
          "beforeHooks": [],
          "afterHooks": [],
          "tests": [
            {
              "title": "O cadastro de endereço deve ser realizado corretamente",
              "fullTitle": "Testes com cadastro de endereço O cadastro de endereço deve ser realizado corretamente",
              "timedOut": null,
              "duration": 22956,
              "state": "passed",
              "speed": "slow",
              "pass": true,
              "fail": false,
              "pending": false,
              "context": null,
              "code": "_login.default.acessarSite();\n_login.default.loginCorreto();\n_endereco.default.realizarCadastroValido();",
              "err": {},
              "uuid": "02907dbe-eaf4-49b0-83b9-f8858c5d862a",
              "parentUUID": "5fda5ee4-3076-402a-9dee-fb4762279e70",
              "isHook": false,
              "skipped": false
            },
            {
              "title": "Deve retornar que o CEP não foi informado pelo usuário e não cadastrar o endereço",
              "fullTitle": "Testes com cadastro de endereço Deve retornar que o CEP não foi informado pelo usuário e não cadastrar o endereço",
              "timedOut": null,
              "duration": 23055,
              "state": "failed",
              "speed": null,
              "pass": false,
              "fail": true,
              "pending": false,
              "context": null,
              "code": "_login.default.acessarSite();\n_login.default.loginCorreto();\n_endereco.default.cadastroInvalido();",
              "err": {
                "message": "AssertionError: Timed out retrying after 4000ms: Expected to find element: `[class='app__button app__button--primary app__button--no-margin']`, but never found it.",
                "estack": "AssertionError: Timed out retrying after 4000ms: Expected to find element: `[class='app__button app__button--primary app__button--no-margin']`, but never found it.\n    at Function.getElement (https://701523.commercesuite.com.br/__cypress/tests?p=cypress\\integration\\endereco.spec.js:167:17)\n    at Function.clickOnElement (https://701523.commercesuite.com.br/__cypress/tests?p=cypress\\integration\\endereco.spec.js:243:19)\n    at Context.eval (https://701523.commercesuite.com.br/__cypress/tests?p=cypress\\integration\\endereco.spec.js:381:13)",
                "diff": null
              },
              "uuid": "74291af8-4199-437c-aada-0d17e3675a50",
              "parentUUID": "5fda5ee4-3076-402a-9dee-fb4762279e70",
              "isHook": false,
              "skipped": false
            }
          ],
          "suites": [],
          "passes": [
            "02907dbe-eaf4-49b0-83b9-f8858c5d862a"
          ],
          "failures": [
            "74291af8-4199-437c-aada-0d17e3675a50"
          ],
          "pending": [],
          "skipped": [],
          "duration": 46011,
          "root": false,
          "rootEmpty": false,
          "_timeout": 2000
        }
      ],
      "passes": [],
      "failures": [],
      "pending": [],
      "skipped": [],
      "duration": 0,
      "root": true,
      "rootEmpty": true,
      "_timeout": 2000
    },
    {
      "uuid": "0ede5d8e-b71c-4ff1-8562-10440fb145dc",
      "title": "",
      "fullFile": "cypress/integration/login.spec.js",
      "file": "cypress/integration/login.spec.js",
      "beforeHooks": [],
      "afterHooks": [],
      "tests": [],
      "suites": [
        {
          "uuid": "90986028-c846-4a03-ae9b-01c40203416d",
          "title": "Testes com login",
          "fullFile": "",
          "file": "",
          "beforeHooks": [],
          "afterHooks": [],
          "tests": [
            {
              "title": "O login deve ser realizado corretamente",
              "fullTitle": "Testes com login O login deve ser realizado corretamente",
              "timedOut": null,
              "duration": 5786,
              "state": "passed",
              "speed": "medium",
              "pass": true,
              "fail": false,
              "pending": false,
              "context": null,
              "code": "_login.default.acessarSite();\n_login.default.loginCorreto();",
              "err": {},
              "uuid": "05464c25-0855-40b5-a666-cc00df5a2747",
              "parentUUID": "90986028-c846-4a03-ae9b-01c40203416d",
              "isHook": false,
              "skipped": false
            },
            {
              "title": "O login não deve ser realizado e deve apresentar mensagem de erro na verificação da senha",
              "fullTitle": "Testes com login O login não deve ser realizado e deve apresentar mensagem de erro na verificação da senha",
              "timedOut": null,
              "duration": 10538,
              "state": "passed",
              "speed": "slow",
              "pass": true,
              "fail": false,
              "pending": false,
              "context": null,
              "code": "_login.default.acessarSite();\n_login.default.loginInvalido();",
              "err": {},
              "uuid": "6c859d4a-694a-4f49-8f47-c4d547f0b07b",
              "parentUUID": "90986028-c846-4a03-ae9b-01c40203416d",
              "isHook": false,
              "skipped": false
            }
          ],
          "suites": [],
          "passes": [
            "05464c25-0855-40b5-a666-cc00df5a2747",
            "6c859d4a-694a-4f49-8f47-c4d547f0b07b"
          ],
          "failures": [],
          "pending": [],
          "skipped": [],
          "duration": 16324,
          "root": false,
          "rootEmpty": false,
          "_timeout": 2000
        }
      ],
      "passes": [],
      "failures": [],
      "pending": [],
      "skipped": [],
      "duration": 0,
      "root": true,
      "rootEmpty": true,
      "_timeout": 2000
    },
    {
      "uuid": "29056895-12f8-4fb5-8097-3f6d23b60569",
      "title": "",
      "fullFile": "cypress/integration/mercadoria.spec.js",
      "file": "cypress/integration/mercadoria.spec.js",
      "beforeHooks": [],
      "afterHooks": [],
      "tests": [],
      "suites": [
        {
          "uuid": "7a8844c6-80ee-42cd-9745-71da15d94b7a",
          "title": "Testes com a mercadoria do carrinho",
          "fullFile": "",
          "file": "",
          "beforeHooks": [],
          "afterHooks": [],
          "tests": [
            {
              "title": "Deve verificar se o produto/mercadoria foi adicionado ao carrinho corretamente",
              "fullTitle": "Testes com a mercadoria do carrinho Deve verificar se o produto/mercadoria foi adicionado ao carrinho corretamente",
              "timedOut": null,
              "duration": 8702,
              "state": "failed",
              "speed": null,
              "pass": false,
              "fail": true,
              "pending": false,
              "context": null,
              "code": "_mercadoria.default.acessarSite();\n_mercadoria.default.conferirProdutoNoCarrinho();\n_mercadoria.default.compraFinalizada();",
              "err": {
                "message": "CypressError: Timed out retrying after 4050ms: `cy.click()` failed because this element is detached from the DOM.\n\n`<a href=\"/loja/carrinho.php\" class=\"btn-load-more\">Finaliz...</a>`\n\nCypress requires elements be attached in the DOM to interact with them.\n\nThe previous command that ran was:\n\n  > `cy.get()`\n\nThis DOM element likely became detached somewhere between the previous and current command.\n\nCommon situations why this happens:\n  - Your JS framework re-rendered asynchronously\n  - Your app code reacted to an event firing and removed the element\n\nYou typically need to re-query for the element or add 'guards' which delay Cypress from running new commands.\n\nhttps://on.cypress.io/element-has-detached-from-dom",
                "estack": "CypressError: Timed out retrying after 4050ms: `cy.click()` failed because this element is detached from the DOM.\n\n`<a href=\"/loja/carrinho.php\" class=\"btn-load-more\">Finaliz...</a>`\n\nCypress requires elements be attached in the DOM to interact with them.\n\nThe previous command that ran was:\n\n  > `cy.get()`\n\nThis DOM element likely became detached somewhere between the previous and current command.\n\nCommon situations why this happens:\n  - Your JS framework re-rendered asynchronously\n  - Your app code reacted to an event firing and removed the element\n\nYou typically need to re-query for the element or add 'guards' which delay Cypress from running new commands.\n\nhttps://on.cypress.io/element-has-detached-from-dom\n    at $Cy.ensureAttached (https://701523.commercesuite.com.br/__cypress/runner/cypress_runner.js:162699:85)\n    at runAllChecks (https://701523.commercesuite.com.br/__cypress/runner/cypress_runner.js:149880:12)\n    at retryActionability (https://701523.commercesuite.com.br/__cypress/runner/cypress_runner.js:149960:16)\n    at tryCatcher (https://701523.commercesuite.com.br/__cypress/runner/cypress_runner.js:13212:23)\n    at Function.Promise.attempt.Promise.try (https://701523.commercesuite.com.br/__cypress/runner/cypress_runner.js:10486:29)\n    at tryFn (https://701523.commercesuite.com.br/__cypress/runner/cypress_runner.js:167495:61)\n    at whenStable (https://701523.commercesuite.com.br/__cypress/runner/cypress_runner.js:167534:14)\n    at https://701523.commercesuite.com.br/__cypress/runner/cypress_runner.js:167021:18\n    at tryCatcher (https://701523.commercesuite.com.br/__cypress/runner/cypress_runner.js:13212:23)\n    at Promise._settlePromiseFromHandler (https://701523.commercesuite.com.br/__cypress/runner/cypress_runner.js:11147:31)\n    at Promise._settlePromise (https://701523.commercesuite.com.br/__cypress/runner/cypress_runner.js:11204:18)\n    at Promise._settlePromise0 (https://701523.commercesuite.com.br/__cypress/runner/cypress_runner.js:11249:10)\n    at Promise._settlePromises (https://701523.commercesuite.com.br/__cypress/runner/cypress_runner.js:11329:18)\n    at Promise._fulfill (https://701523.commercesuite.com.br/__cypress/runner/cypress_runner.js:11273:18)\n    at https://701523.commercesuite.com.br/__cypress/runner/cypress_runner.js:12887:46\nFrom Your Spec Code:\n    at Function.clickOnElement (https://701523.commercesuite.com.br/__cypress/tests?p=cypress\\integration\\mercadoria.spec.js:239:46)\n    at Function.conferirProdutoNoCarrinho (https://701523.commercesuite.com.br/__cypress/tests?p=cypress\\integration\\mercadoria.spec.js:335:11)\n    at Context.eval (https://701523.commercesuite.com.br/__cypress/tests?p=cypress\\integration\\mercadoria.spec.js:126:25)",
                "diff": null
              },
              "uuid": "07105bc9-84f3-42bd-b08f-2448947d4eb0",
              "parentUUID": "7a8844c6-80ee-42cd-9745-71da15d94b7a",
              "isHook": false,
              "skipped": false
            },
            {
              "title": "O produto não deve ser adicionado ao carrinho e a lista de itens deve retornar vazia",
              "fullTitle": "Testes com a mercadoria do carrinho O produto não deve ser adicionado ao carrinho e a lista de itens deve retornar vazia",
              "timedOut": null,
              "duration": 3636,
              "state": "passed",
              "speed": "fast",
              "pass": true,
              "fail": false,
              "pending": false,
              "context": null,
              "code": "_mercadoria.default.acessarSite();\n_mercadoria.default.carrinhoVazio();",
              "err": {},
              "uuid": "ff78ea23-181d-4591-b42f-51bda7ab845b",
              "parentUUID": "7a8844c6-80ee-42cd-9745-71da15d94b7a",
              "isHook": false,
              "skipped": false
            }
          ],
          "suites": [],
          "passes": [
            "ff78ea23-181d-4591-b42f-51bda7ab845b"
          ],
          "failures": [
            "07105bc9-84f3-42bd-b08f-2448947d4eb0"
          ],
          "pending": [],
          "skipped": [],
          "duration": 12338,
          "root": false,
          "rootEmpty": false,
          "_timeout": 2000
        }
      ],
      "passes": [],
      "failures": [],
      "pending": [],
      "skipped": [],
      "duration": 0,
      "root": true,
      "rootEmpty": true,
      "_timeout": 2000
    }
  ],
  "meta": {
    "mocha": {
      "version": "7.0.1"
    },
    "mochawesome": {
      "options": {
        "quiet": false,
        "reportFilename": "mochawesome",
        "saveHtml": false,
        "saveJson": true,
        "consoleReporter": "spec",
        "useInlineDiffs": false,
        "code": true
      },
      "version": "7.0.1"
    },
    "marge": {
      "options": {
        "reportDir": "cypress/report/mochawesome-report",
        "overwrite": false,
        "html": false,
        "json": true,
        "timestamp": "yyyymmdd_HHMMss",
        "reportTitles": "Relatorio",
        "cdn": true,
        "charts": true
      },
      "version": "6.0.1"
    }
  }
}