{
  "stats": {
    "suites": 1,
    "tests": 2,
    "passes": 1,
    "pending": 0,
    "failures": 1,
    "start": "2021-11-24T20:12:06.836Z",
    "end": "2021-11-24T20:12:50.213Z",
    "duration": 43377,
    "testsRegistered": 2,
    "passPercent": 50,
    "pendingPercent": 0,
    "other": 0,
    "hasOther": false,
    "skipped": 0,
    "hasSkipped": false
  },
  "results": [
    {
      "uuid": "b791014c-b69c-4c65-b8ae-a33303793ab3",
      "title": "",
      "fullFile": "cypress/integration/mercadoria.spec.js",
      "file": "cypress/integration/mercadoria.spec.js",
      "beforeHooks": [],
      "afterHooks": [],
      "tests": [],
      "suites": [
        {
          "uuid": "7a8a0a8a-5f7e-4cb5-9e29-d622f946b5e5",
          "title": "Testes com a mercadoria do carrinho",
          "fullFile": "",
          "file": "",
          "beforeHooks": [],
          "afterHooks": [],
          "tests": [
            {
              "title": "Deve verificar se o produto/mercadoria foi adicionado ao carrinho corretamente",
              "fullTitle": "Testes com a mercadoria do carrinho Deve verificar se o produto/mercadoria foi adicionado ao carrinho corretamente",
              "timedOut": null,
              "duration": 38239,
              "state": "failed",
              "speed": null,
              "pass": false,
              "fail": true,
              "pending": false,
              "context": null,
              "code": "_mercadoria.default.acessarSite();\n_mercadoria.default.conferirProdutoNoCarrinho();",
              "err": {
                "message": "CypressError: `cy.screenshot()` timed out waiting `30000ms` to complete.",
                "estack": "CypressError: `cy.screenshot()` timed out waiting `30000ms` to complete.\n    at https://701523.commercesuite.com.br/__cypress/runner/cypress_runner.js:159581:81\n    at tryCatcher (https://701523.commercesuite.com.br/__cypress/runner/cypress_runner.js:13212:23)\n    at https://701523.commercesuite.com.br/__cypress/runner/cypress_runner.js:8334:41\n    at tryCatcher (https://701523.commercesuite.com.br/__cypress/runner/cypress_runner.js:13212:23)\n    at Promise._settlePromiseFromHandler (https://701523.commercesuite.com.br/__cypress/runner/cypress_runner.js:11147:31)\n    at Promise._settlePromise (https://701523.commercesuite.com.br/__cypress/runner/cypress_runner.js:11204:18)\n    at Promise._settlePromise0 (https://701523.commercesuite.com.br/__cypress/runner/cypress_runner.js:11249:10)\n    at Promise._settlePromises (https://701523.commercesuite.com.br/__cypress/runner/cypress_runner.js:11325:18)\n    at _drainQueueStep (https://701523.commercesuite.com.br/__cypress/runner/cypress_runner.js:7919:12)\n    at _drainQueue (https://701523.commercesuite.com.br/__cypress/runner/cypress_runner.js:7912:9)\n    at Async.../../node_modules/bluebird/js/release/async.js.Async._drainQueues (https://701523.commercesuite.com.br/__cypress/runner/cypress_runner.js:7928:5)\n    at Async.drainQueues (https://701523.commercesuite.com.br/__cypress/runner/cypress_runner.js:7798:14)",
                "diff": null
              },
              "uuid": "70b94b34-e317-4811-a9da-3d6cfde6172e",
              "parentUUID": "7a8a0a8a-5f7e-4cb5-9e29-d622f946b5e5",
              "isHook": false,
              "skipped": false
            },
            {
              "title": "O produto não deve ser adicionado ao carrinho e a lista de itens deve retornar vazia",
              "fullTitle": "Testes com a mercadoria do carrinho O produto não deve ser adicionado ao carrinho e a lista de itens deve retornar vazia",
              "timedOut": null,
              "duration": 3614,
              "state": "passed",
              "speed": "fast",
              "pass": true,
              "fail": false,
              "pending": false,
              "context": null,
              "code": "_mercadoria.default.acessarSite();\n_mercadoria.default.carrinhoVazio();",
              "err": {},
              "uuid": "57fab81d-d011-4d08-bc40-c88bcad2fff8",
              "parentUUID": "7a8a0a8a-5f7e-4cb5-9e29-d622f946b5e5",
              "isHook": false,
              "skipped": false
            }
          ],
          "suites": [],
          "passes": [
            "57fab81d-d011-4d08-bc40-c88bcad2fff8"
          ],
          "failures": [
            "70b94b34-e317-4811-a9da-3d6cfde6172e"
          ],
          "pending": [],
          "skipped": [],
          "duration": 41853,
          "root": false,
          "rootEmpty": false,
          "_timeout": 2000
        }
      ],
      "passes": [],
      "failures": [],
      "pending": [],
      "skipped": [],
      "duration": 0,
      "root": true,
      "rootEmpty": true,
      "_timeout": 2000
    }
  ],
  "meta": {
    "mocha": {
      "version": "7.0.1"
    },
    "mochawesome": {
      "options": {
        "quiet": false,
        "reportFilename": "mochawesome",
        "saveHtml": false,
        "saveJson": true,
        "consoleReporter": "spec",
        "useInlineDiffs": false,
        "code": true
      },
      "version": "7.0.1"
    },
    "marge": {
      "options": {
        "reportDir": "cypress/report/mochawesome-report",
        "overwrite": false,
        "html": false,
        "json": true,
        "timestamp": "yyyymmdd_HHMMss",
        "reportTitles": "Relatorio",
        "cdn": true,
        "charts": true
      },
      "version": "6.0.1"
    }
  }
}