{
  "stats": {
    "suites": 1,
    "tests": 2,
    "passes": 1,
    "pending": 0,
    "failures": 1,
    "start": "2021-11-24T20:10:37.057Z",
    "end": "2021-11-24T20:11:52.171Z",
    "duration": 75114,
    "testsRegistered": 2,
    "passPercent": 50,
    "pendingPercent": 0,
    "other": 0,
    "hasOther": false,
    "skipped": 0,
    "hasSkipped": false
  },
  "results": [
    {
      "uuid": "757650f8-ef5d-4c8b-b488-968ff9b9fd5c",
      "title": "",
      "fullFile": "cypress/integration/endereco.spec.js",
      "file": "cypress/integration/endereco.spec.js",
      "beforeHooks": [],
      "afterHooks": [],
      "tests": [],
      "suites": [
        {
          "uuid": "fed5f435-9ea8-49cb-9a1c-11dd14a4fdd5",
          "title": "Testes com cadastro de endereço",
          "fullFile": "",
          "file": "",
          "beforeHooks": [],
          "afterHooks": [],
          "tests": [
            {
              "title": "O cadastro de endereço deve ser realizado corretamente",
              "fullTitle": "Testes com cadastro de endereço O cadastro de endereço deve ser realizado corretamente",
              "timedOut": null,
              "duration": 20558,
              "state": "passed",
              "speed": "slow",
              "pass": true,
              "fail": false,
              "pending": false,
              "context": null,
              "code": "_login.default.acessarSite();\n_login.default.loginCorreto();\n_endereco.default.realizarCadastroValido();",
              "err": {},
              "uuid": "4f3b5e67-ac05-48bd-92a9-def02aa38298",
              "parentUUID": "fed5f435-9ea8-49cb-9a1c-11dd14a4fdd5",
              "isHook": false,
              "skipped": false
            },
            {
              "title": "O endereço não deve ser cadastrado e retornar que o CEP não foi informado",
              "fullTitle": "Testes com cadastro de endereço O endereço não deve ser cadastrado e retornar que o CEP não foi informado",
              "timedOut": null,
              "duration": 52135,
              "state": "failed",
              "speed": null,
              "pass": false,
              "fail": true,
              "pending": false,
              "context": null,
              "code": "_login.default.acessarSite();\n_login.default.loginCorreto();\n_endereco.default.cadastroInvalido();",
              "err": {
                "message": "CypressError: `cy.screenshot()` timed out waiting `30000ms` to complete.",
                "estack": "CypressError: `cy.screenshot()` timed out waiting `30000ms` to complete.\n    at https://701523.commercesuite.com.br/__cypress/runner/cypress_runner.js:159581:81\n    at tryCatcher (https://701523.commercesuite.com.br/__cypress/runner/cypress_runner.js:13212:23)\n    at https://701523.commercesuite.com.br/__cypress/runner/cypress_runner.js:8334:41\n    at tryCatcher (https://701523.commercesuite.com.br/__cypress/runner/cypress_runner.js:13212:23)\n    at Promise._settlePromiseFromHandler (https://701523.commercesuite.com.br/__cypress/runner/cypress_runner.js:11147:31)\n    at Promise._settlePromise (https://701523.commercesuite.com.br/__cypress/runner/cypress_runner.js:11204:18)\n    at Promise._settlePromise0 (https://701523.commercesuite.com.br/__cypress/runner/cypress_runner.js:11249:10)\n    at Promise._settlePromises (https://701523.commercesuite.com.br/__cypress/runner/cypress_runner.js:11325:18)\n    at _drainQueueStep (https://701523.commercesuite.com.br/__cypress/runner/cypress_runner.js:7919:12)\n    at _drainQueue (https://701523.commercesuite.com.br/__cypress/runner/cypress_runner.js:7912:9)\n    at Async.../../node_modules/bluebird/js/release/async.js.Async._drainQueues (https://701523.commercesuite.com.br/__cypress/runner/cypress_runner.js:7928:5)\n    at Async.drainQueues (https://701523.commercesuite.com.br/__cypress/runner/cypress_runner.js:7798:14)",
                "diff": null
              },
              "uuid": "afd6e36b-485b-44f6-a8d2-d83d17d01121",
              "parentUUID": "fed5f435-9ea8-49cb-9a1c-11dd14a4fdd5",
              "isHook": false,
              "skipped": false
            }
          ],
          "suites": [],
          "passes": [
            "4f3b5e67-ac05-48bd-92a9-def02aa38298"
          ],
          "failures": [
            "afd6e36b-485b-44f6-a8d2-d83d17d01121"
          ],
          "pending": [],
          "skipped": [],
          "duration": 72693,
          "root": false,
          "rootEmpty": false,
          "_timeout": 2000
        }
      ],
      "passes": [],
      "failures": [],
      "pending": [],
      "skipped": [],
      "duration": 0,
      "root": true,
      "rootEmpty": true,
      "_timeout": 2000
    }
  ],
  "meta": {
    "mocha": {
      "version": "7.0.1"
    },
    "mochawesome": {
      "options": {
        "quiet": false,
        "reportFilename": "mochawesome",
        "saveHtml": false,
        "saveJson": true,
        "consoleReporter": "spec",
        "useInlineDiffs": false,
        "code": true
      },
      "version": "7.0.1"
    },
    "marge": {
      "options": {
        "reportDir": "cypress/report/mochawesome-report",
        "overwrite": false,
        "html": false,
        "json": true,
        "timestamp": "yyyymmdd_HHMMss",
        "reportTitles": "Relatorio",
        "cdn": true,
        "charts": true
      },
      "version": "6.0.1"
    }
  }
}