{
  "stats": {
    "suites": 2,
    "tests": 2,
    "passes": 2,
    "pending": 0,
    "failures": 0,
    "start": "2021-11-24T20:10:05.698Z",
    "end": "2021-11-24T20:10:35.414Z",
    "duration": 29716,
    "testsRegistered": 2,
    "passPercent": 100,
    "pendingPercent": 0,
    "other": 0,
    "hasOther": false,
    "skipped": 0,
    "hasSkipped": false
  },
  "results": [
    {
      "uuid": "33094403-12ea-4d6d-bcb0-f779bcdca9f7",
      "title": "",
      "fullFile": "cypress/integration/cadastro.spec.js",
      "file": "cypress/integration/cadastro.spec.js",
      "beforeHooks": [],
      "afterHooks": [],
      "tests": [],
      "suites": [
        {
          "uuid": "772af6fa-278c-45a9-bc28-0688c4293800",
          "title": "Testes positivos de cadastro de usuário",
          "fullFile": "",
          "file": "",
          "beforeHooks": [],
          "afterHooks": [],
          "tests": [
            {
              "title": "Cadastro de usuário com CPF",
              "fullTitle": "Testes positivos de cadastro de usuário Cadastro de usuário com CPF",
              "timedOut": null,
              "duration": 17498,
              "state": "passed",
              "speed": "slow",
              "pass": true,
              "fail": false,
              "pending": false,
              "context": null,
              "code": "_cadastro.default.realizarCadastroCorretoCPF();\n_cadastro.default.verificarUrl();",
              "err": {},
              "uuid": "4d75b95f-eab0-4a39-b47d-e17815cf5dad",
              "parentUUID": "772af6fa-278c-45a9-bc28-0688c4293800",
              "isHook": false,
              "skipped": false
            }
          ],
          "suites": [],
          "passes": [
            "4d75b95f-eab0-4a39-b47d-e17815cf5dad"
          ],
          "failures": [],
          "pending": [],
          "skipped": [],
          "duration": 17498,
          "root": false,
          "rootEmpty": false,
          "_timeout": 2000
        },
        {
          "uuid": "454fe745-55d7-4c57-befa-737ff9c3e661",
          "title": "Testes negativos de cadastro de usuário",
          "fullFile": "",
          "file": "",
          "beforeHooks": [],
          "afterHooks": [],
          "tests": [
            {
              "title": "Cadastro inválido de usuário com CPF",
              "fullTitle": "Testes negativos de cadastro de usuário Cadastro inválido de usuário com CPF",
              "timedOut": null,
              "duration": 7179,
              "state": "passed",
              "speed": "medium",
              "pass": true,
              "fail": false,
              "pending": false,
              "context": null,
              "code": "_cadastro.default.realizarCadastroInvalidoCPF();",
              "err": {},
              "uuid": "af3c671c-c641-49f0-bac2-ec65b47716d8",
              "parentUUID": "454fe745-55d7-4c57-befa-737ff9c3e661",
              "isHook": false,
              "skipped": false
            }
          ],
          "suites": [],
          "passes": [
            "af3c671c-c641-49f0-bac2-ec65b47716d8"
          ],
          "failures": [],
          "pending": [],
          "skipped": [],
          "duration": 7179,
          "root": false,
          "rootEmpty": false,
          "_timeout": 2000
        }
      ],
      "passes": [],
      "failures": [],
      "pending": [],
      "skipped": [],
      "duration": 0,
      "root": true,
      "rootEmpty": true,
      "_timeout": 2000
    }
  ],
  "meta": {
    "mocha": {
      "version": "7.0.1"
    },
    "mochawesome": {
      "options": {
        "quiet": false,
        "reportFilename": "mochawesome",
        "saveHtml": false,
        "saveJson": true,
        "consoleReporter": "spec",
        "useInlineDiffs": false,
        "code": true
      },
      "version": "7.0.1"
    },
    "marge": {
      "options": {
        "reportDir": "cypress/report/mochawesome-report",
        "overwrite": false,
        "html": false,
        "json": true,
        "timestamp": "yyyymmdd_HHMMss",
        "reportTitles": "Relatorio",
        "cdn": true,
        "charts": true
      },
      "version": "6.0.1"
    }
  }
}