{
  "stats": {
    "suites": 1,
    "tests": 2,
    "passes": 2,
    "pending": 0,
    "failures": 0,
    "start": "2021-11-24T20:11:54.230Z",
    "end": "2021-11-24T20:12:04.892Z",
    "duration": 10662,
    "testsRegistered": 2,
    "passPercent": 100,
    "pendingPercent": 0,
    "other": 0,
    "hasOther": false,
    "skipped": 0,
    "hasSkipped": false
  },
  "results": [
    {
      "uuid": "af641f7d-21d5-4bdc-bcbe-a4507d4108e5",
      "title": "",
      "fullFile": "cypress/integration/login.spec.js",
      "file": "cypress/integration/login.spec.js",
      "beforeHooks": [],
      "afterHooks": [],
      "tests": [],
      "suites": [
        {
          "uuid": "55140aea-b3bd-45e2-a475-3971090d6a7d",
          "title": "Testes com login",
          "fullFile": "",
          "file": "",
          "beforeHooks": [],
          "afterHooks": [],
          "tests": [
            {
              "title": "O login deve ser realizado corretamente",
              "fullTitle": "Testes com login O login deve ser realizado corretamente",
              "timedOut": null,
              "duration": 4668,
              "state": "passed",
              "speed": "fast",
              "pass": true,
              "fail": false,
              "pending": false,
              "context": null,
              "code": "_login.default.acessarSite();\n_login.default.loginCorreto();",
              "err": {},
              "uuid": "7e08ac73-4d8f-4408-91c9-17b0067518d3",
              "parentUUID": "55140aea-b3bd-45e2-a475-3971090d6a7d",
              "isHook": false,
              "skipped": false
            },
            {
              "title": "O login não deve ser realizado e deve apresentar mensagem de erro",
              "fullTitle": "Testes com login O login não deve ser realizado e deve apresentar mensagem de erro",
              "timedOut": null,
              "duration": 3797,
              "state": "passed",
              "speed": "fast",
              "pass": true,
              "fail": false,
              "pending": false,
              "context": null,
              "code": "_login.default.acessarSite();\n_login.default.loginInvalido();",
              "err": {},
              "uuid": "b1454ff1-053c-4ec2-a04e-f059492a37a7",
              "parentUUID": "55140aea-b3bd-45e2-a475-3971090d6a7d",
              "isHook": false,
              "skipped": false
            }
          ],
          "suites": [],
          "passes": [
            "7e08ac73-4d8f-4408-91c9-17b0067518d3",
            "b1454ff1-053c-4ec2-a04e-f059492a37a7"
          ],
          "failures": [],
          "pending": [],
          "skipped": [],
          "duration": 8465,
          "root": false,
          "rootEmpty": false,
          "_timeout": 2000
        }
      ],
      "passes": [],
      "failures": [],
      "pending": [],
      "skipped": [],
      "duration": 0,
      "root": true,
      "rootEmpty": true,
      "_timeout": 2000
    }
  ],
  "meta": {
    "mocha": {
      "version": "7.0.1"
    },
    "mochawesome": {
      "options": {
        "quiet": false,
        "reportFilename": "mochawesome",
        "saveHtml": false,
        "saveJson": true,
        "consoleReporter": "spec",
        "useInlineDiffs": false,
        "code": true
      },
      "version": "7.0.1"
    },
    "marge": {
      "options": {
        "reportDir": "cypress/report/mochawesome-report",
        "overwrite": false,
        "html": false,
        "json": true,
        "timestamp": "yyyymmdd_HHMMss",
        "reportTitles": "Relatorio",
        "cdn": true,
        "charts": true
      },
      "version": "6.0.1"
    }
  }
}